{"/mnt/c/Users/SZ-Agent/Desktop/Food-Delivery/index.js": {"path":"/mnt/c/Users/SZ-Agent/Desktop/Food-Delivery/index.js","statementMap":{"0":{"start":{"line":2,"column":17},"end":{"line":2,"column":19}},"1":{"start":{"line":4,"column":4},"end":{"line":14,"column":5}},"2":{"start":{"line":5,"column":8},"end":{"line":13,"column":9}},"3":{"start":{"line":6,"column":12},"end":{"line":6,"column":35}},"4":{"start":{"line":7,"column":15},"end":{"line":13,"column":9}},"5":{"start":{"line":8,"column":12},"end":{"line":8,"column":31}},"6":{"start":{"line":9,"column":15},"end":{"line":13,"column":9}},"7":{"start":{"line":10,"column":12},"end":{"line":10,"column":31}},"8":{"start":{"line":12,"column":12},"end":{"line":12,"column":31}},"9":{"start":{"line":16,"column":4},"end":{"line":16,"column":28}},"10":{"start":{"line":19,"column":0},"end":{"line":19,"column":27}}},"fnMap":{"0":{"name":"fizz_buzz","decl":{"start":{"line":1,"column":9},"end":{"line":1,"column":18}},"loc":{"start":{"line":1,"column":28},"end":{"line":17,"column":1}},"line":1}},"branchMap":{"0":{"loc":{"start":{"line":5,"column":8},"end":{"line":13,"column":9}},"type":"if","locations":[{"start":{"line":5,"column":8},"end":{"line":13,"column":9}},{"start":{"line":7,"column":15},"end":{"line":13,"column":9}}],"line":5},"1":{"loc":{"start":{"line":7,"column":15},"end":{"line":13,"column":9}},"type":"if","locations":[{"start":{"line":7,"column":15},"end":{"line":13,"column":9}},{"start":{"line":9,"column":15},"end":{"line":13,"column":9}}],"line":7},"2":{"loc":{"start":{"line":9,"column":15},"end":{"line":13,"column":9}},"type":"if","locations":[{"start":{"line":9,"column":15},"end":{"line":13,"column":9}},{"start":{"line":11,"column":15},"end":{"line":13,"column":9}}],"line":9}},"s":{"0":4,"1":4,"2":4,"3":1,"4":3,"5":2,"6":1,"7":1,"8":0,"9":4,"10":1},"f":{"0":4},"b":{"0":[1,3],"1":[2,1],"2":[1,0]},"_coverageSchema":"1a1c01bbd47fc00a2c39e90264f33305004495a9","hash":"6bf33fc8cac2ef6dcad8ecbdef591ab0cbbb91dd"}
}
